IMLib/build/intermediates/manifest_merge_blame_file/debug/manifest-merger-blame-debug-report.txt
1<?xml version="1.0" encoding="utf-8"?>
2<manifest xmlns:android="http://schemas.android.com/apk/res/android"
3    package="io.rong.imlib"
4    android:versionCode="2020050818"
5    android:versionName="2.10.6_release" >
6
7    <uses-sdk
8        android:minSdkVersion="26"
8-->FindFriends\IMLib\AndroidManifest.xml
9        android:targetSdkVersion="29" />
9-->FindFriends\IMLib\AndroidManifest.xml
10
11    <!-- 保存图片，拍照等 -->
12    <uses-permission android:name="android.permission.WRITE_EXTERNAL_STORAGE" />
12-->FindFriends\IMLib\AndroidManifest.xml:5:5-81
12-->FindFriends\IMLib\AndroidManifest.xml:5:22-78
13    <!-- 网络 -->
14    <uses-permission android:name="android.permission.INTERNET" />
14-->FindFriends\IMLib\AndroidManifest.xml:7:5-67
14-->FindFriends\IMLib\AndroidManifest.xml:7:22-64
15    <uses-permission android:name="android.permission.ACCESS_NETWORK_STATE" />
15-->FindFriends\IMLib\AndroidManifest.xml:8:5-79
15-->FindFriends\IMLib\AndroidManifest.xml:8:22-76
16    <uses-permission android:name="android.permission.ACCESS_WIFI_STATE" />
16-->FindFriends\IMLib\AndroidManifest.xml:9:5-76
16-->FindFriends\IMLib\AndroidManifest.xml:9:22-73
17    <!-- 消息通道保活 -->
18    <uses-permission android:name="android.permission.WAKE_LOCK" />
18-->FindFriends\IMLib\AndroidManifest.xml:11:5-68
18-->FindFriends\IMLib\AndroidManifest.xml:11:22-65
19
20    <!-- 定位，如果您需要定位相关的功能，可以打开以下注释 -->
21    <!-- <uses-permission android:name="android.permission.ACCESS_FINE_LOCATION" /> -->
22    <application>
22-->FindFriends\IMLib\AndroidManifest.xml:15:5-61:19
23
24        <!-- imlib config begin -->
25        <meta-data
25-->FindFriends\IMLib\AndroidManifest.xml:18:9-20:45
26            android:name="RONG_CLOUD_APP_KEY"
26-->FindFriends\IMLib\AndroidManifest.xml:19:13-46
27            android:value="mgb7ka1nmeqtg" />
27-->FindFriends\IMLib\AndroidManifest.xml:20:13-42
28
29        <service
29-->FindFriends\IMLib\AndroidManifest.xml:22:9-24:38
30            android:name="io.rong.imlib.ipc.RongService"
30-->FindFriends\IMLib\AndroidManifest.xml:23:13-57
31            android:process=":ipc" />
31-->FindFriends\IMLib\AndroidManifest.xml:24:13-35
32
33        <receiver android:name="io.rong.imlib.ConnectChangeReceiver" />
33-->FindFriends\IMLib\AndroidManifest.xml:26:9-72
33-->FindFriends\IMLib\AndroidManifest.xml:26:19-69
34        <receiver
34-->FindFriends\IMLib\AndroidManifest.xml:28:9-30:38
35            android:name="io.rong.imlib.HeartbeatReceiver"
35-->FindFriends\IMLib\AndroidManifest.xml:29:13-59
36            android:process=":ipc" />
36-->FindFriends\IMLib\AndroidManifest.xml:30:13-35
37        <!-- imlib config end -->
38
39
40        <!-- 必选： SDK 核心功能 -->
41        <service
41-->FindFriends\IMLib\AndroidManifest.xml:34:9-38:46
42            android:name="io.rong.push.rongpush.PushService"
42-->FindFriends\IMLib\AndroidManifest.xml:35:13-61
43            android:exported="true"
43-->FindFriends\IMLib\AndroidManifest.xml:36:13-36
44            android:permission="android.permission.BIND_JOB_SERVICE"
44-->FindFriends\IMLib\AndroidManifest.xml:37:13-69
45            android:process="io.rong.push" />
45-->FindFriends\IMLib\AndroidManifest.xml:38:13-43
46
47        <!-- push 相关事件接收器 -->
48        <receiver
48-->FindFriends\IMLib\AndroidManifest.xml:41:9-56:20
49            android:name="io.rong.push.rongpush.PushReceiver"
49-->FindFriends\IMLib\AndroidManifest.xml:42:13-62
50            android:process="io.rong.push" > <!-- 此处进程可以改名，名称需要和PushService所在进程统一 -->
50-->FindFriends\IMLib\AndroidManifest.xml:43:13-43
51            <!-- 心跳事件和网络切换事件监听,必须 -->
52            <intent-filter>
52-->FindFriends\IMLib\AndroidManifest.xml:45:13-48:29
53                <action android:name="io.rong.push.intent.action.HEART_BEAT" />
53-->FindFriends\IMLib\AndroidManifest.xml:46:17-80
53-->FindFriends\IMLib\AndroidManifest.xml:46:25-77
54                <action android:name="android.net.conn.CONNECTIVITY_CHANGE" />
54-->FindFriends\IMLib\AndroidManifest.xml:47:17-79
54-->FindFriends\IMLib\AndroidManifest.xml:47:25-76
55            </intent-filter>
56
57            <!-- 部分用户事件监听, 用来提高推送拉活率; 可移除 -->
58            <intent-filter>
58-->FindFriends\IMLib\AndroidManifest.xml:51:13-55:29
59                <action android:name="android.intent.action.USER_PRESENT" />
59-->FindFriends\IMLib\AndroidManifest.xml:52:17-77
59-->FindFriends\IMLib\AndroidManifest.xml:52:25-74
60                <action android:name="android.intent.action.ACTION_POWER_CONNECTED" />
60-->FindFriends\IMLib\AndroidManifest.xml:53:17-87
60-->FindFriends\IMLib\AndroidManifest.xml:53:25-84
61                <action android:name="android.intent.action.ACTION_POWER_DISCONNECTED" />
61-->FindFriends\IMLib\AndroidManifest.xml:54:17-90
61-->FindFriends\IMLib\AndroidManifest.xml:54:25-87
62            </intent-filter>
63        </receiver>
64
65        <!-- 必选： SDK 核心功能 -->
66
67
68        <!-- end -->
69    </application>
70
71</manifest>